<?xml version="1.0" encoding="UTF-8"?>
<!-- Generated by org.testng.reporters.JUnitXMLReporter -->
<testsuite hostname="Vamsis-MacBook-Pro.local" name="Headless Implementation " tests="2" failures="2" timestamp="27 Sep 2017 19:28:09 GMT" time="5.054" errors="0">
  <testcase name="testHeadlessBrowser" time="5.006" classname="TestSuites.HeadlessBrowser">
    <failure type="java.lang.NoClassDefFoundError" message="org/openqa/selenium/browserlaunchers/Proxies">
      <![CDATA[java.lang.NoClassDefFoundError: org/openqa/selenium/browserlaunchers/Proxies
	at org.openqa.selenium.phantomjs.PhantomJSDriverService.createDefaultService(PhantomJSDriverService.java:178)
	at org.openqa.selenium.phantomjs.PhantomJSDriver.<init>(PhantomJSDriver.java:96)
	at org.openqa.selenium.phantomjs.PhantomJSDriver.<init>(PhantomJSDriver.java:86)
	at TestSuites.HeadlessBrowser.testHeadlessBrowser(HeadlessBrowser.java:55)
	at java.util.concurrent.ThreadPoolExecutor.runWorker(ThreadPoolExecutor.java:1142)
	at java.util.concurrent.ThreadPoolExecutor$Worker.run(ThreadPoolExecutor.java:617)
	at java.lang.Thread.run(Thread.java:748)
... Removed 10 stack frames]]>
    </failure>
  </testcase> <!-- testHeadlessBrowser -->
  <testcase name="testHeadlessBrowser" time="5.008" classname="TestSuites.HeadlessBrowser">
    <failure type="java.lang.NullPointerException">
      <![CDATA[java.lang.NullPointerException
	at resources.base.getScreenshot(base.java:94)
	at TestSuites.listeners.onTestFailure(listeners.java:33)
	at java.util.concurrent.ThreadPoolExecutor.runWorker(ThreadPoolExecutor.java:1142)
	at java.util.concurrent.ThreadPoolExecutor$Worker.run(ThreadPoolExecutor.java:617)
	at java.lang.Thread.run(Thread.java:748)
... Removed 7 stack frames]]>
    </failure>
  </testcase> <!-- testHeadlessBrowser -->
</testsuite> <!-- Headless Implementation  -->
